<?xml version="1.0" encoding="UTF-8"?>
<!-- Generated by org.testng.reporters.JUnitReportReporter -->
<testsuite hostname="DESKTOP-BTT9JPH" failures="0" tests="11" name="Hackathon.Testng_CalculateTripCost" time="40.401" errors="0" timestamp="2021-03-03T21:16:10 IST" skipped="0">
  <testcase classname="Hackathon.Testng_CalculateTripCost" name="SetUrl" time="3.230"/>
  <system-out/>
  <testcase classname="Hackathon.Testng_CalculateTripCost" name="SearchDestination" time="4.114"/>
  <system-out/>
  <testcase classname="Hackathon.Testng_CalculateTripCost" name="ClickHolidayHomesButton" time="6.470"/>
  <system-out/>
  <testcase classname="Hackathon.Testng_CalculateTripCost" name="SetDate" time="2.098"/>
  <system-out/>
  <testcase classname="Hackathon.Testng_CalculateTripCost" name="NoOfGuests" time="0.595"/>
  <system-out/>
  <testcase classname="Hackathon.Testng_CalculateTripCost" name="RatingSort" time="1.539"/>
  <system-out/>
  <testcase classname="Hackathon.Testng_CalculateTripCost" name="LiftAccess" time="1.978"/>
  <system-out/>
  <testcase classname="Hackathon.Testng_CalculateTripCost" name="HotelDetails" time="0.821"/>
  <system-out/>
  <testcase classname="Hackathon.Testng_CalculateTripCost" name="GetHotelScreenShots" time="10.528"/>
  <system-out/>
  <testcase classname="Hackathon.Testng_CalculateTripCost" name="SetCruises" time="5.143"/>
  <system-out/>
  <testcase classname="Hackathon.Testng_CalculateTripCost" name="GetCruiseDetails" time="3.885"/>
  <system-out/>
</testsuite> <!-- Hackathon.Testng_CalculateTripCost -->
