<?xml version="1.0" encoding="UTF-8"?>
<!-- Generated by org.testng.reporters.JUnitReportReporter -->
<testsuite hostname="DESKTOP-BTT9JPH" failures="0" tests="11" name="Hackathon.Testng_CalculateTripCost" time="43.380" errors="0" timestamp="2021-02-26T20:07:54 IST" skipped="0">
  <testcase classname="Hackathon.Testng_CalculateTripCost" name="SetUrl" time="2.256"/>
  <system-out/>
  <testcase classname="Hackathon.Testng_CalculateTripCost" name="SearchDestination" time="3.699"/>
  <system-out/>
  <testcase classname="Hackathon.Testng_CalculateTripCost" name="ClickHolidayHomesButton" time="6.794"/>
  <system-out/>
  <testcase classname="Hackathon.Testng_CalculateTripCost" name="SetDate" time="2.279"/>
  <system-out/>
  <testcase classname="Hackathon.Testng_CalculateTripCost" name="NoOfGuests" time="0.773"/>
  <system-out/>
  <testcase classname="Hackathon.Testng_CalculateTripCost" name="RatingSort" time="1.740"/>
  <system-out/>
  <testcase classname="Hackathon.Testng_CalculateTripCost" name="LiftAccess" time="1.747"/>
  <system-out/>
  <testcase classname="Hackathon.Testng_CalculateTripCost" name="HotelDetails" time="0.930"/>
  <system-out/>
  <testcase classname="Hackathon.Testng_CalculateTripCost" name="GetHotelScreenShots" time="12.856"/>
  <system-out/>
  <testcase classname="Hackathon.Testng_CalculateTripCost" name="SetCruises" time="5.246"/>
  <system-out/>
  <testcase classname="Hackathon.Testng_CalculateTripCost" name="GetCruiseDetails" time="5.060"/>
  <system-out/>
</testsuite> <!-- Hackathon.Testng_CalculateTripCost -->
