<?xml version="1.0" encoding="UTF-8"?>
<!-- Generated by org.testng.reporters.JUnitReportReporter -->
<testsuite hostname="DESKTOP-8CPS90P" failures="0" tests="11" name="Hackathon.Calculate_Trip_Cost" time="137.379" errors="0" timestamp="2021-02-23T11:09:42 IST" skipped="0">
  <testcase classname="Hackathon.Calculate_Trip_Cost" name="SetUrl" time="9.659"/>
  <system-out/>
  <testcase classname="Hackathon.Calculate_Trip_Cost" name="SearchDestination" time="17.334"/>
  <system-out/>
  <testcase classname="Hackathon.Calculate_Trip_Cost" name="ClickHolidayHomesButton" time="26.327"/>
  <system-out/>
  <testcase classname="Hackathon.Calculate_Trip_Cost" name="SetDate" time="6.244"/>
  <system-out/>
  <testcase classname="Hackathon.Calculate_Trip_Cost" name="NoOfGuests" time="4.124"/>
  <system-out/>
  <testcase classname="Hackathon.Calculate_Trip_Cost" name="RatingSort" time="4.092"/>
  <system-out/>
  <testcase classname="Hackathon.Calculate_Trip_Cost" name="LiftAccess" time="4.852"/>
  <system-out/>
  <testcase classname="Hackathon.Calculate_Trip_Cost" name="HotelDetails" time="6.065"/>
  <system-out/>
  <testcase classname="Hackathon.Calculate_Trip_Cost" name="GetHotelScreenShots" time="35.089"/>
  <system-out/>
  <testcase classname="Hackathon.Calculate_Trip_Cost" name="SetCruises" time="11.136"/>
  <system-out/>
  <testcase classname="Hackathon.Calculate_Trip_Cost" name="GetCruiseDetails" time="12.457"/>
  <system-out/>
</testsuite> <!-- Hackathon.Calculate_Trip_Cost -->
