<?xml version="1.0" encoding="UTF-8"?>
<!-- Generated by org.testng.reporters.JUnitReportReporter -->
<testsuite hostname="DESKTOP-BTT9JPH" failures="0" tests="2" name="Hackathon.Testng_CalculateTripCost" time="12.004" errors="0" timestamp="2021-03-03T19:18:43 IST" skipped="0">
  <testcase classname="Hackathon.Testng_CalculateTripCost" name="SetCruises" time="8.085"/>
  <system-out/>
  <testcase classname="Hackathon.Testng_CalculateTripCost" name="GetCruiseDetails" time="3.919"/>
  <system-out/>
</testsuite> <!-- Hackathon.Testng_CalculateTripCost -->
