<?xml version="1.0" encoding="UTF-8"?>
<!-- Generated by org.testng.reporters.JUnitReportReporter -->
<testsuite hostname="DESKTOP-BTT9JPH" failures="0" tests="11" name="Hackathon.Testng_CalculateTripCost" time="41.018" errors="0" timestamp="2021-03-03T18:57:07 IST" skipped="0">
  <testcase classname="Hackathon.Testng_CalculateTripCost" name="SetUrl" time="2.807"/>
  <system-out/>
  <testcase classname="Hackathon.Testng_CalculateTripCost" name="SearchDestination" time="3.502"/>
  <system-out/>
  <testcase classname="Hackathon.Testng_CalculateTripCost" name="ClickHolidayHomesButton" time="6.975"/>
  <system-out/>
  <testcase classname="Hackathon.Testng_CalculateTripCost" name="SetDate" time="2.119"/>
  <system-out/>
  <testcase classname="Hackathon.Testng_CalculateTripCost" name="NoOfGuests" time="0.626"/>
  <system-out/>
  <testcase classname="Hackathon.Testng_CalculateTripCost" name="RatingSort" time="1.670"/>
  <system-out/>
  <testcase classname="Hackathon.Testng_CalculateTripCost" name="LiftAccess" time="1.755"/>
  <system-out/>
  <testcase classname="Hackathon.Testng_CalculateTripCost" name="HotelDetails" time="0.905"/>
  <system-out/>
  <testcase classname="Hackathon.Testng_CalculateTripCost" name="GetHotelScreenShots" time="11.486"/>
  <system-out/>
  <testcase classname="Hackathon.Testng_CalculateTripCost" name="SetCruises" time="5.341"/>
  <system-out/>
  <testcase classname="Hackathon.Testng_CalculateTripCost" name="GetCruiseDetails" time="3.832"/>
  <system-out/>
</testsuite> <!-- Hackathon.Testng_CalculateTripCost -->
